<?xml version="1.0" encoding="UTF-8"?>
<testng-results skipped="0" failed="0" ignored="0" total="2" passed="2">
  <reporter-output>
  </reporter-output>
  <suite name="Default suite" duration-ms="3791" started-at="2021-01-07T13:35:42 IST" finished-at="2021-01-07T13:35:46 IST">
    <groups>
    </groups>
    <test name="Default test" duration-ms="3791" started-at="2021-01-07T13:35:42 IST" finished-at="2021-01-07T13:35:46 IST">
      <class name="testExecutor.testOne">
        <test-method status="PASS" signature="initializeRequestSpec()[pri:0, instance:testExecutor.testOne@48ae9b55]" name="initializeRequestSpec" is-config="true" duration-ms="489" started-at="2021-01-07T13:35:42 IST" finished-at="2021-01-07T13:35:43 IST">
          <reporter-output>
          </reporter-output>
        </test-method> <!-- initializeRequestSpec -->
        <test-method status="PASS" signature="startTest(java.lang.reflect.Method)[pri:0, instance:testExecutor.testOne@48ae9b55]" name="startTest" is-config="true" duration-ms="62" started-at="2021-01-07T13:35:43 IST" finished-at="2021-01-07T13:35:43 IST">
          <params>
            <param index="0">
              <value>
                <![CDATA[public void testExecutor.testOne.creatTweet()]]>
              </value>
            </param>
          </params>
          <reporter-output>
          </reporter-output>
        </test-method> <!-- startTest -->
        <test-method status="PASS" signature="creatTweet()[pri:0, instance:testExecutor.testOne@48ae9b55]" name="creatTweet" duration-ms="2430" started-at="2021-01-07T13:35:43 IST" finished-at="2021-01-07T13:35:45 IST">
          <reporter-output>
          </reporter-output>
        </test-method> <!-- creatTweet -->
        <test-method status="PASS" signature="endTest(java.lang.reflect.Method)[pri:0, instance:testExecutor.testOne@48ae9b55]" name="endTest" is-config="true" duration-ms="2" started-at="2021-01-07T13:35:45 IST" finished-at="2021-01-07T13:35:45 IST">
          <params>
            <param index="0">
              <value>
                <![CDATA[public void testExecutor.testOne.creatTweet()]]>
              </value>
            </param>
          </params>
          <reporter-output>
          </reporter-output>
        </test-method> <!-- endTest -->
        <test-method status="PASS" signature="startTest(java.lang.reflect.Method)[pri:0, instance:testExecutor.testOne@48ae9b55]" name="startTest" is-config="true" duration-ms="26" started-at="2021-01-07T13:35:45 IST" finished-at="2021-01-07T13:35:45 IST">
          <params>
            <param index="0">
              <value>
                <![CDATA[public void testExecutor.testOne.deleteTweet()]]>
              </value>
            </param>
          </params>
          <reporter-output>
          </reporter-output>
        </test-method> <!-- startTest -->
        <test-method status="PASS" signature="deleteTweet()[pri:0, instance:testExecutor.testOne@48ae9b55]" name="deleteTweet" duration-ms="746" started-at="2021-01-07T13:35:45 IST" finished-at="2021-01-07T13:35:46 IST">
          <reporter-output>
          </reporter-output>
        </test-method> <!-- deleteTweet -->
        <test-method status="PASS" signature="endTest(java.lang.reflect.Method)[pri:0, instance:testExecutor.testOne@48ae9b55]" name="endTest" is-config="true" duration-ms="1" started-at="2021-01-07T13:35:46 IST" finished-at="2021-01-07T13:35:46 IST">
          <params>
            <param index="0">
              <value>
                <![CDATA[public void testExecutor.testOne.deleteTweet()]]>
              </value>
            </param>
          </params>
          <reporter-output>
          </reporter-output>
        </test-method> <!-- endTest -->
      </class> <!-- testExecutor.testOne -->
    </test> <!-- Default test -->
  </suite> <!-- Default suite -->
</testng-results>
